Using pre-set license
Built from '2020.3/staging' branch; Version is '2020.3.21f1 (a38c86f6690f) revision 10718342'; Using compiler version '192528614'; Build Type 'Release'
OS: 'Windows 10 Home; OS build 19043.1348; Version 2009; 64bit' Language: 'en' Physical Memory: 8066 MB
BatchMode: 1, IsHumanControllingUs: 0, StartBugReporterOnCrash: 0, Is64bit: 1, IsPro: 0

COMMAND LINE ARGUMENTS:
C:\Program Files\Unity\Hub\Editor\2020.3.21f1\Editor\Unity.exe
-adb2
-batchMode
-noUpm
-name
AssetImportWorker0
-projectPath
C:/Users/suddy/Documents/GitHub/Unity/CSC461Prog5
-logFile
Logs/AssetImportWorker0.log
-srvPort
65274
Successfully changed project path to: C:/Users/suddy/Documents/GitHub/Unity/CSC461Prog5
C:/Users/suddy/Documents/GitHub/Unity/CSC461Prog5
Using Asset Import Pipeline V2.
Refreshing native plugins compatible for Editor in 58.01 ms, found 2 plugins.
Preloading 0 native plugins for Editor in 0.00 ms.
Initialize engine version: 2020.3.21f1 (a38c86f6690f)
[Subsystems] Discovering subsystems at path C:/Program Files/Unity/Hub/Editor/2020.3.21f1/Editor/Data/Resources/UnitySubsystems
[Subsystems] Discovering subsystems at path C:/Users/suddy/Documents/GitHub/Unity/CSC461Prog5/Assets
GfxDevice: creating device client; threaded=0
Direct3D:
    Version:  Direct3D 11.0 [level 11.1]
    Renderer: NVIDIA GeForce GTX 1050 (ID=0x1c8d)
    Vendor:   
    VRAM:     4019 MB
    Driver:   30.0.14.7196
Initialize mono
Mono path[0] = 'C:/Program Files/Unity/Hub/Editor/2020.3.21f1/Editor/Data/Managed'
Mono path[1] = 'C:/Program Files/Unity/Hub/Editor/2020.3.21f1/Editor/Data/MonoBleedingEdge/lib/mono/unityjit'
Mono config path = 'C:/Program Files/Unity/Hub/Editor/2020.3.21f1/Editor/Data/MonoBleedingEdge/etc'
Using monoOptions --debugger-agent=transport=dt_socket,embedding=1,server=y,suspend=n,address=127.0.0.1:56108
Begin MonoManager ReloadAssembly
Registering precompiled unity dll's ...
Register platform support module: C:/Program Files/Unity/Hub/Editor/2020.3.21f1/Editor/Data/PlaybackEngines/WindowsStandaloneSupport/UnityEditor.WindowsStandalone.Extensions.dll
Registered in 0.001525 seconds.
Native extension for WindowsStandalone target not found
Refreshing native plugins compatible for Editor in 46.57 ms, found 2 plugins.
Preloading 0 native plugins for Editor in 0.00 ms.
Mono: successfully reloaded assembly
- Completed reload, in  0.964 seconds
Domain Reload Profiling:
	ReloadAssembly (965ms)
		BeginReloadAssembly (47ms)
			ExecutionOrderSort (0ms)
			DisableScriptedObjects (0ms)
			BackupInstance (0ms)
			ReleaseScriptingObjects (0ms)
			CreateAndSetChildDomain (1ms)
		EndReloadAssembly (411ms)
			LoadAssemblies (46ms)
			RebuildTransferFunctionScriptingTraits (0ms)
			SetupTypeCache (136ms)
			ReleaseScriptCaches (0ms)
			RebuildScriptCaches (29ms)
			SetupLoadedEditorAssemblies (160ms)
				LogAssemblyErrors (0ms)
				InitializePlatformSupportModulesInManaged (3ms)
				SetLoadedEditorAssemblies (0ms)
				RefreshPlugins (47ms)
				BeforeProcessingInitializeOnLoad (14ms)
				ProcessInitializeOnLoadAttributes (70ms)
				ProcessInitializeOnLoadMethodAttributes (24ms)
				AfterProcessingInitializeOnLoad (0ms)
				EditorAssembliesLoaded (0ms)
			ExecutionOrderSort2 (0ms)
			AwakeInstancesAfterBackupRestoration (0ms)
Platform modules already initialized, skipping
Registering precompiled user dll's ...
Registered in 0.004280 seconds.
Begin MonoManager ReloadAssembly
Native extension for WindowsStandalone target not found
Refreshing native plugins compatible for Editor in 48.72 ms, found 2 plugins.
Preloading 0 native plugins for Editor in 0.00 ms.
Mono: successfully reloaded assembly
- Completed reload, in  1.091 seconds
Domain Reload Profiling:
	ReloadAssembly (1092ms)
		BeginReloadAssembly (134ms)
			ExecutionOrderSort (0ms)
			DisableScriptedObjects (4ms)
			BackupInstance (0ms)
			ReleaseScriptingObjects (0ms)
			CreateAndSetChildDomain (18ms)
		EndReloadAssembly (901ms)
			LoadAssemblies (90ms)
			RebuildTransferFunctionScriptingTraits (0ms)
			SetupTypeCache (297ms)
			ReleaseScriptCaches (1ms)
			RebuildScriptCaches (45ms)
			SetupLoadedEditorAssemblies (344ms)
				LogAssemblyErrors (0ms)
				InitializePlatformSupportModulesInManaged (3ms)
				SetLoadedEditorAssemblies (0ms)
				RefreshPlugins (49ms)
				BeforeProcessingInitializeOnLoad (83ms)
				ProcessInitializeOnLoadAttributes (195ms)
				ProcessInitializeOnLoadMethodAttributes (8ms)
				AfterProcessingInitializeOnLoad (5ms)
				EditorAssembliesLoaded (0ms)
			ExecutionOrderSort2 (0ms)
			AwakeInstancesAfterBackupRestoration (7ms)
Platform modules already initialized, skipping
========================================================================
Worker process is ready to serve import requests
Launched and connected shader compiler UnityShaderCompiler.exe after 0.07 seconds
Refreshing native plugins compatible for Editor in 0.52 ms, found 2 plugins.
Preloading 0 native plugins for Editor in 0.00 ms.
Unloading 2801 Unused Serialized files (Serialized files now loaded: 0)
System memory in use before: 131.4 MB.
System memory in use after: 131.6 MB.

Unloading 20 unused Assets to reduce memory usage. Loaded Objects now: 3245.
Total: 3.244900 ms (FindLiveObjects: 0.235600 ms CreateObjectMapping: 0.119700 ms MarkObjects: 2.824900 ms  DeleteObjects: 0.063800 ms)

AssetImportParameters requested are different than current active one (requested -> active):
  custom:framework-win-MediaFoundation: 216162199b28c13a410421893ffa2e32 -> 
  custom:video-decoder-ogg-theora: a1e56fd34408186e4bbccfd4996cb3dc -> 
  custom:container-muxer-webm: aa71ff27fc2769a1b78a27578f13a17b -> 
  custom:container-demuxer-webm: 4f35f7cbe854078d1ac9338744f61a02 -> 
  custom:container-demuxer-ogg: 62fdf1f143b41e24485cea50d1cbac27 -> 
  custom:video-encoder-webm-vp8: eb34c28f22e8b96e1ab97ce403110664 -> 
  custom:video-decoder-webm-vp8: 9c59270c3fd7afecdb556c50c9e8de78 -> 
  custom:audio-decoder-ogg-vorbis: bf7c407c2cedff20999df2af8eb42d56 -> 
  custom:audio-encoder-webm-vorbis: bf7c407c2cedff20999df2af8eb42d56 -> 
========================================================================
Received Import Request.
  path: Assets/Scenes/Asteroids.unity
  artifactKey: Guid(2e6024b5e622e9841906ce0230b2b9a1) Importer(815301076,1909f56bfc062723c751e8b465ee728b)
Start importing Assets/Scenes/Asteroids.unity using Guid(2e6024b5e622e9841906ce0230b2b9a1) Importer(815301076,1909f56bfc062723c751e8b465ee728b)  -> (artifact id: '8c8a6c06b27dc966c28f86324193fa4b') in 0.016143 seconds 
  Import took 0.020168 seconds .

========================================================================
Received Prepare
Registering precompiled user dll's ...
Registered in 0.009065 seconds.
Begin MonoManager ReloadAssembly
Native extension for WindowsStandalone target not found
Refreshing native plugins compatible for Editor in 0.92 ms, found 2 plugins.
Preloading 0 native plugins for Editor in 0.00 ms.
Mono: successfully reloaded assembly
- Completed reload, in  1.474 seconds
Domain Reload Profiling:
	ReloadAssembly (1475ms)
		BeginReloadAssembly (170ms)
			ExecutionOrderSort (0ms)
			DisableScriptedObjects (7ms)
			BackupInstance (0ms)
			ReleaseScriptingObjects (0ms)
			CreateAndSetChildDomain (65ms)
		EndReloadAssembly (1230ms)
			LoadAssemblies (123ms)
			RebuildTransferFunctionScriptingTraits (0ms)
			SetupTypeCache (447ms)
			ReleaseScriptCaches (1ms)
			RebuildScriptCaches (59ms)
			SetupLoadedEditorAssemblies (432ms)
				LogAssemblyErrors (0ms)
				InitializePlatformSupportModulesInManaged (5ms)
				SetLoadedEditorAssemblies (1ms)
				RefreshPlugins (1ms)
				BeforeProcessingInitializeOnLoad (123ms)
				ProcessInitializeOnLoadAttributes (282ms)
				ProcessInitializeOnLoadMethodAttributes (12ms)
				AfterProcessingInitializeOnLoad (7ms)
				EditorAssembliesLoaded (0ms)
			ExecutionOrderSort2 (0ms)
			AwakeInstancesAfterBackupRestoration (16ms)
Platform modules already initialized, skipping
Refreshing native plugins compatible for Editor in 1.24 ms, found 2 plugins.
Preloading 0 native plugins for Editor in 0.00 ms.
Unloading 2692 Unused Serialized files (Serialized files now loaded: 0)
System memory in use before: 124.3 MB.
System memory in use after: 124.5 MB.

Unloading 15 unused Assets to reduce memory usage. Loaded Objects now: 3247.
Total: 4.604900 ms (FindLiveObjects: 0.729600 ms CreateObjectMapping: 0.205600 ms MarkObjects: 3.648100 ms  DeleteObjects: 0.019800 ms)

AssetImportParameters requested are different than current active one (requested -> active):
  custom:framework-win-MediaFoundation: 216162199b28c13a410421893ffa2e32 -> 
  custom:video-decoder-ogg-theora: a1e56fd34408186e4bbccfd4996cb3dc -> 
  custom:container-muxer-webm: aa71ff27fc2769a1b78a27578f13a17b -> 
  custom:container-demuxer-webm: 4f35f7cbe854078d1ac9338744f61a02 -> 
  custom:container-demuxer-ogg: 62fdf1f143b41e24485cea50d1cbac27 -> 
  custom:video-encoder-webm-vp8: eb34c28f22e8b96e1ab97ce403110664 -> 
  custom:video-decoder-webm-vp8: 9c59270c3fd7afecdb556c50c9e8de78 -> 
  custom:audio-decoder-ogg-vorbis: bf7c407c2cedff20999df2af8eb42d56 -> 
  custom:audio-encoder-webm-vorbis: bf7c407c2cedff20999df2af8eb42d56 -> 
========================================================================
Received Prepare
Registering precompiled user dll's ...
Registered in 0.004236 seconds.
Begin MonoManager ReloadAssembly
Native extension for WindowsStandalone target not found
Refreshing native plugins compatible for Editor in 0.53 ms, found 2 plugins.
Preloading 0 native plugins for Editor in 0.00 ms.
Mono: successfully reloaded assembly
- Completed reload, in  0.993 seconds
Domain Reload Profiling:
	ReloadAssembly (994ms)
		BeginReloadAssembly (99ms)
			ExecutionOrderSort (0ms)
			DisableScriptedObjects (4ms)
			BackupInstance (0ms)
			ReleaseScriptingObjects (0ms)
			CreateAndSetChildDomain (32ms)
		EndReloadAssembly (841ms)
			LoadAssemblies (83ms)
			RebuildTransferFunctionScriptingTraits (0ms)
			SetupTypeCache (317ms)
			ReleaseScriptCaches (1ms)
			RebuildScriptCaches (39ms)
			SetupLoadedEditorAssemblies (291ms)
				LogAssemblyErrors (0ms)
				InitializePlatformSupportModulesInManaged (4ms)
				SetLoadedEditorAssemblies (0ms)
				RefreshPlugins (1ms)
				BeforeProcessingInitializeOnLoad (78ms)
				ProcessInitializeOnLoadAttributes (193ms)
				ProcessInitializeOnLoadMethodAttributes (9ms)
				AfterProcessingInitializeOnLoad (7ms)
				EditorAssembliesLoaded (0ms)
			ExecutionOrderSort2 (0ms)
			AwakeInstancesAfterBackupRestoration (10ms)
Platform modules already initialized, skipping
Refreshing native plugins compatible for Editor in 0.51 ms, found 2 plugins.
Preloading 0 native plugins for Editor in 0.00 ms.
Unloading 2692 Unused Serialized files (Serialized files now loaded: 0)
System memory in use before: 124.4 MB.
System memory in use after: 124.6 MB.

Unloading 15 unused Assets to reduce memory usage. Loaded Objects now: 3249.
Total: 3.456100 ms (FindLiveObjects: 0.246800 ms CreateObjectMapping: 0.119800 ms MarkObjects: 3.073000 ms  DeleteObjects: 0.015500 ms)

AssetImportParameters requested are different than current active one (requested -> active):
  custom:framework-win-MediaFoundation: 216162199b28c13a410421893ffa2e32 -> 
  custom:video-decoder-ogg-theora: a1e56fd34408186e4bbccfd4996cb3dc -> 
  custom:container-muxer-webm: aa71ff27fc2769a1b78a27578f13a17b -> 
  custom:container-demuxer-webm: 4f35f7cbe854078d1ac9338744f61a02 -> 
  custom:container-demuxer-ogg: 62fdf1f143b41e24485cea50d1cbac27 -> 
  custom:video-encoder-webm-vp8: eb34c28f22e8b96e1ab97ce403110664 -> 
  custom:video-decoder-webm-vp8: 9c59270c3fd7afecdb556c50c9e8de78 -> 
  custom:audio-decoder-ogg-vorbis: bf7c407c2cedff20999df2af8eb42d56 -> 
  custom:audio-encoder-webm-vorbis: bf7c407c2cedff20999df2af8eb42d56 -> 
========================================================================
Received Import Request.
  Time since last request: 808.236732 seconds.
  path: Assets/Asteroids pack/Prefabs/Asteroid_1.prefab
  artifactKey: Guid(d57d6419728ca4fa486055a9b54eb326) Importer(815301076,1909f56bfc062723c751e8b465ee728b)
Start importing Assets/Asteroids pack/Prefabs/Asteroid_1.prefab using Guid(d57d6419728ca4fa486055a9b54eb326) Importer(815301076,1909f56bfc062723c751e8b465ee728b)  -> (artifact id: '239819f136cec5f4df09ed304963a44f') in 0.274240 seconds 
  Import took 0.279807 seconds .

========================================================================
Received Import Request.
  Time since last request: 0.000315 seconds.
  path: Assets/Asteroids pack/Prefabs/Asteroid_4.prefab
  artifactKey: Guid(e0cfb534d47614c7b825642df2d44a40) Importer(815301076,1909f56bfc062723c751e8b465ee728b)
Start importing Assets/Asteroids pack/Prefabs/Asteroid_4.prefab using Guid(e0cfb534d47614c7b825642df2d44a40) Importer(815301076,1909f56bfc062723c751e8b465ee728b)  -> (artifact id: 'dc8710eb7975edf81134ffff31b4d46d') in 0.034363 seconds 
  Import took 0.039056 seconds .

========================================================================
Received Import Request.
  Time since last request: 0.000291 seconds.
  path: Assets/Asteroids pack/Prefabs/Asteroid_5.prefab
  artifactKey: Guid(543f85c367b24464098124fcc11a6955) Importer(815301076,1909f56bfc062723c751e8b465ee728b)
Start importing Assets/Asteroids pack/Prefabs/Asteroid_5.prefab using Guid(543f85c367b24464098124fcc11a6955) Importer(815301076,1909f56bfc062723c751e8b465ee728b)  -> (artifact id: '663ce83b05a48caf2631fb362d1a8ae1') in 0.031038 seconds 
  Import took 0.037871 seconds .

========================================================================
Received Import Request.
  Time since last request: 0.000263 seconds.
  path: Assets/Asteroids pack/Prefabs/Asteroid_2.prefab
  artifactKey: Guid(607f852e894b2474e8037bde96a3f38c) Importer(815301076,1909f56bfc062723c751e8b465ee728b)
Start importing Assets/Asteroids pack/Prefabs/Asteroid_2.prefab using Guid(607f852e894b2474e8037bde96a3f38c) Importer(815301076,1909f56bfc062723c751e8b465ee728b)  -> (artifact id: 'ef3f0b6e1e1c0c10bf35197629af798b') in 0.022828 seconds 
  Import took 0.028458 seconds .

========================================================================
Received Import Request.
  Time since last request: 0.000317 seconds.
  path: Assets/Asteroids pack/Prefabs/Asteroid_3.prefab
  artifactKey: Guid(2408f749a3ad04e23b2abe82997c4b61) Importer(815301076,1909f56bfc062723c751e8b465ee728b)
Start importing Assets/Asteroids pack/Prefabs/Asteroid_3.prefab using Guid(2408f749a3ad04e23b2abe82997c4b61) Importer(815301076,1909f56bfc062723c751e8b465ee728b)  -> (artifact id: '1d564cb3d5c58fdf2ffe2c6c69fdd08b') in 0.025264 seconds 
  Import took 0.031525 seconds .

========================================================================
Received Import Request.
  Time since last request: 6.767014 seconds.
  path: Assets/Asteroids pack/Materials/Asteroid_1.mat
  artifactKey: Guid(4a81d6c5819c847a6a46c6ecfe84c60a) Importer(815301076,1909f56bfc062723c751e8b465ee728b)
Start importing Assets/Asteroids pack/Materials/Asteroid_1.mat using Guid(4a81d6c5819c847a6a46c6ecfe84c60a) Importer(815301076,1909f56bfc062723c751e8b465ee728b)  -> (artifact id: '778001418886e6b65d7f118ec9ea5be8') in 0.044173 seconds 
  Import took 0.051807 seconds .

========================================================================
Received Import Request.
  Time since last request: 0.000177 seconds.
  path: Assets/Asteroids pack/Meshes/Asteroid_4.fbx
  artifactKey: Guid(de0ade0b8b7154794bb1dbc5193ef21e) Importer(815301076,1909f56bfc062723c751e8b465ee728b)
Start importing Assets/Asteroids pack/Meshes/Asteroid_4.fbx using Guid(de0ade0b8b7154794bb1dbc5193ef21e) Importer(815301076,1909f56bfc062723c751e8b465ee728b)  -> (artifact id: '0b10269ea8e2a0660a9b76cef5eb6fb8') in 0.153050 seconds 
  Import took 0.158307 seconds .

========================================================================
Received Import Request.
  Time since last request: 0.000265 seconds.
  path: Assets/Asteroids pack/Meshes/Asteroid_2.fbx
  artifactKey: Guid(5b3fffef11ac2450c9a33d4371fbbe64) Importer(815301076,1909f56bfc062723c751e8b465ee728b)
Start importing Assets/Asteroids pack/Meshes/Asteroid_2.fbx using Guid(5b3fffef11ac2450c9a33d4371fbbe64) Importer(815301076,1909f56bfc062723c751e8b465ee728b)  -> (artifact id: 'a961026fe2c92ccd9bd66167e02bbd22') in 0.022974 seconds 
  Import took 0.028743 seconds .

========================================================================
Received Import Request.
  Time since last request: 0.000260 seconds.
  path: Assets/Asteroids pack/Meshes/Asteroid_3.fbx
  artifactKey: Guid(2111b6ad5e475457587cca11988811e9) Importer(815301076,1909f56bfc062723c751e8b465ee728b)
Start importing Assets/Asteroids pack/Meshes/Asteroid_3.fbx using Guid(2111b6ad5e475457587cca11988811e9) Importer(815301076,1909f56bfc062723c751e8b465ee728b)  -> (artifact id: 'e204d7bfb7e112d0a3d8bd3fafb1c0bc') in 0.022692 seconds 
  Import took 0.027225 seconds .

========================================================================
Received Import Request.
  Time since last request: 0.000373 seconds.
  path: Assets/Asteroids pack/Materials/Asteroid_3.mat
  artifactKey: Guid(d89e3e2cf10054b0ab7bac50c51f0e77) Importer(815301076,1909f56bfc062723c751e8b465ee728b)
Start importing Assets/Asteroids pack/Materials/Asteroid_3.mat using Guid(d89e3e2cf10054b0ab7bac50c51f0e77) Importer(815301076,1909f56bfc062723c751e8b465ee728b)  -> (artifact id: '87796064649a61b8b2b59f58d99020f7') in 0.017281 seconds 
  Import took 0.023591 seconds .

========================================================================
Received Import Request.
  Time since last request: 0.000193 seconds.
  path: Assets/Asteroids pack/Meshes/Asteroid_5.fbx
  artifactKey: Guid(1c961feb7676e4acfbb865b2e785aabc) Importer(815301076,1909f56bfc062723c751e8b465ee728b)
Start importing Assets/Asteroids pack/Meshes/Asteroid_5.fbx using Guid(1c961feb7676e4acfbb865b2e785aabc) Importer(815301076,1909f56bfc062723c751e8b465ee728b)  -> (artifact id: 'b341f2452a2145de3a168c7cbd68b010') in 0.022916 seconds 
  Import took 0.028201 seconds .

========================================================================
Received Import Request.
  Time since last request: 0.000243 seconds.
  path: Assets/Asteroids pack/Materials/Asteroid_2.mat
  artifactKey: Guid(443d49db2da184f60b9a1ca1ddca60f8) Importer(815301076,1909f56bfc062723c751e8b465ee728b)
Start importing Assets/Asteroids pack/Materials/Asteroid_2.mat using Guid(443d49db2da184f60b9a1ca1ddca60f8) Importer(815301076,1909f56bfc062723c751e8b465ee728b)  -> (artifact id: 'd034ac0e47785958050300d7b5fd7a22') in 0.018829 seconds 
  Import took 0.024625 seconds .

========================================================================
Received Import Request.
  Time since last request: 0.000207 seconds.
  path: Assets/Asteroids pack/Materials/Asteroid_4.mat
  artifactKey: Guid(f7244c98095f64982b9ac3654f88d268) Importer(815301076,1909f56bfc062723c751e8b465ee728b)
Start importing Assets/Asteroids pack/Materials/Asteroid_4.mat using Guid(f7244c98095f64982b9ac3654f88d268) Importer(815301076,1909f56bfc062723c751e8b465ee728b)  -> (artifact id: '70aed0ca4ae3b71aa19ece0fcb6f1bed') in 0.019403 seconds 
  Import took 0.025146 seconds .

========================================================================
Received Import Request.
  Time since last request: 0.000212 seconds.
  path: Assets/Asteroids pack/Materials/Asteroid_5.mat
  artifactKey: Guid(1b35ffaf2734547b28c818dfc441a1bf) Importer(815301076,1909f56bfc062723c751e8b465ee728b)
Start importing Assets/Asteroids pack/Materials/Asteroid_5.mat using Guid(1b35ffaf2734547b28c818dfc441a1bf) Importer(815301076,1909f56bfc062723c751e8b465ee728b)  -> (artifact id: 'ce178ee1f2de376510c8b187f52b9e2b') in 0.017764 seconds 
  Import took 0.025138 seconds .

========================================================================
Received Import Request.
  Time since last request: 1.696738 seconds.
  path: Assets/Asteroids pack/Prefabs/Asteroid_4.prefab
  artifactKey: Guid(e0cfb534d47614c7b825642df2d44a40) Importer(815301076,1909f56bfc062723c751e8b465ee728b)
Start importing Assets/Asteroids pack/Prefabs/Asteroid_4.prefab using Guid(e0cfb534d47614c7b825642df2d44a40) Importer(815301076,1909f56bfc062723c751e8b465ee728b)  -> (artifact id: '74d0a779d69ec65c0c0659c9237ec722') in 0.013852 seconds 
  Import took 0.019434 seconds .

========================================================================
Received Import Request.
  Time since last request: 2.490696 seconds.
  path: Assets/Asteroids pack/Prefabs/Asteroid_4.prefab
  artifactKey: Guid(e0cfb534d47614c7b825642df2d44a40) Importer(815301076,1909f56bfc062723c751e8b465ee728b)
Start importing Assets/Asteroids pack/Prefabs/Asteroid_4.prefab using Guid(e0cfb534d47614c7b825642df2d44a40) Importer(815301076,1909f56bfc062723c751e8b465ee728b)  -> (artifact id: '32bc12d9e4c7106d1792a566fb0503b8') in 0.011888 seconds 
  Import took 0.018188 seconds .

========================================================================
Received Import Request.
  Time since last request: 1.325376 seconds.
  path: Assets/Asteroids pack/Prefabs/Asteroid_4.prefab
  artifactKey: Guid(e0cfb534d47614c7b825642df2d44a40) Importer(815301076,1909f56bfc062723c751e8b465ee728b)
Start importing Assets/Asteroids pack/Prefabs/Asteroid_4.prefab using Guid(e0cfb534d47614c7b825642df2d44a40) Importer(815301076,1909f56bfc062723c751e8b465ee728b)  -> (artifact id: 'f1b2982726ef0767e28b5f7e75046abe') in 0.010810 seconds 
  Import took 0.016014 seconds .

========================================================================
Received Import Request.
  Time since last request: 0.725647 seconds.
  path: Assets/Asteroids pack/Prefabs/Asteroid_4.prefab
  artifactKey: Guid(e0cfb534d47614c7b825642df2d44a40) Importer(815301076,1909f56bfc062723c751e8b465ee728b)
Start importing Assets/Asteroids pack/Prefabs/Asteroid_4.prefab using Guid(e0cfb534d47614c7b825642df2d44a40) Importer(815301076,1909f56bfc062723c751e8b465ee728b)  -> (artifact id: '3af5ae3c1045672a12045246b42720eb') in 0.012368 seconds 
  Import took 0.022728 seconds .

========================================================================
Received Import Request.
  Time since last request: 1.378268 seconds.
  path: Assets/Asteroids pack/Prefabs/Asteroid_4.prefab
  artifactKey: Guid(e0cfb534d47614c7b825642df2d44a40) Importer(815301076,1909f56bfc062723c751e8b465ee728b)
Start importing Assets/Asteroids pack/Prefabs/Asteroid_4.prefab using Guid(e0cfb534d47614c7b825642df2d44a40) Importer(815301076,1909f56bfc062723c751e8b465ee728b)  -> (artifact id: '5a625c87bf27450b19c36bbc546415b2') in 0.012531 seconds 
  Import took 0.019985 seconds .

========================================================================
Received Import Request.
  Time since last request: 1.227260 seconds.
  path: Assets/Asteroids pack/Prefabs/Asteroid_4.prefab
  artifactKey: Guid(e0cfb534d47614c7b825642df2d44a40) Importer(815301076,1909f56bfc062723c751e8b465ee728b)
Start importing Assets/Asteroids pack/Prefabs/Asteroid_4.prefab using Guid(e0cfb534d47614c7b825642df2d44a40) Importer(815301076,1909f56bfc062723c751e8b465ee728b)  -> (artifact id: '0624aba9d99c9fd58f3c7dad9468bf12') in 0.014568 seconds 
  Import took 0.019277 seconds .

========================================================================
Received Import Request.
  Time since last request: 1.213504 seconds.
  path: Assets/Asteroids pack/Meshes/Asteroid_1.fbx
  artifactKey: Guid(a46c36ec5cfaf40a5ab1ac90231bbaab) Importer(815301076,1909f56bfc062723c751e8b465ee728b)
Start importing Assets/Asteroids pack/Meshes/Asteroid_1.fbx using Guid(a46c36ec5cfaf40a5ab1ac90231bbaab) Importer(815301076,1909f56bfc062723c751e8b465ee728b)  -> (artifact id: 'dc9fba2f0a9fcc908f68453c6146635e') in 0.027441 seconds 
  Import took 0.032692 seconds .

========================================================================
Received Prepare
Registering precompiled user dll's ...
Registered in 0.004125 seconds.
Begin MonoManager ReloadAssembly
Native extension for WindowsStandalone target not found
Refreshing native plugins compatible for Editor in 0.51 ms, found 2 plugins.
Preloading 0 native plugins for Editor in 0.00 ms.
Mono: successfully reloaded assembly
- Completed reload, in  0.978 seconds
Domain Reload Profiling:
	ReloadAssembly (978ms)
		BeginReloadAssembly (136ms)
			ExecutionOrderSort (0ms)
			DisableScriptedObjects (5ms)
			BackupInstance (0ms)
			ReleaseScriptingObjects (0ms)
			CreateAndSetChildDomain (37ms)
		EndReloadAssembly (789ms)
			LoadAssemblies (80ms)
			RebuildTransferFunctionScriptingTraits (0ms)
			SetupTypeCache (279ms)
			ReleaseScriptCaches (1ms)
			RebuildScriptCaches (37ms)
			SetupLoadedEditorAssemblies (267ms)
				LogAssemblyErrors (0ms)
				InitializePlatformSupportModulesInManaged (3ms)
				SetLoadedEditorAssemblies (0ms)
				RefreshPlugins (1ms)
				BeforeProcessingInitializeOnLoad (77ms)
				ProcessInitializeOnLoadAttributes (173ms)
				ProcessInitializeOnLoadMethodAttributes (8ms)
				AfterProcessingInitializeOnLoad (5ms)
				EditorAssembliesLoaded (0ms)
			ExecutionOrderSort2 (0ms)
			AwakeInstancesAfterBackupRestoration (13ms)
Platform modules already initialized, skipping
Refreshing native plugins compatible for Editor in 0.51 ms, found 2 plugins.
Preloading 0 native plugins for Editor in 0.00 ms.
Unloading 2693 Unused Serialized files (Serialized files now loaded: 0)
System memory in use before: 130.0 MB.
System memory in use after: 130.2 MB.

Unloading 15 unused Assets to reduce memory usage. Loaded Objects now: 3333.
Total: 3.588300 ms (FindLiveObjects: 0.291800 ms CreateObjectMapping: 0.141600 ms MarkObjects: 3.138300 ms  DeleteObjects: 0.015800 ms)

AssetImportParameters requested are different than current active one (requested -> active):
  custom:framework-win-MediaFoundation: 216162199b28c13a410421893ffa2e32 -> 
  custom:video-decoder-ogg-theora: a1e56fd34408186e4bbccfd4996cb3dc -> 
  custom:container-muxer-webm: aa71ff27fc2769a1b78a27578f13a17b -> 
  custom:container-demuxer-webm: 4f35f7cbe854078d1ac9338744f61a02 -> 
  custom:container-demuxer-ogg: 62fdf1f143b41e24485cea50d1cbac27 -> 
  custom:video-encoder-webm-vp8: eb34c28f22e8b96e1ab97ce403110664 -> 
  custom:video-decoder-webm-vp8: 9c59270c3fd7afecdb556c50c9e8de78 -> 
  custom:audio-decoder-ogg-vorbis: bf7c407c2cedff20999df2af8eb42d56 -> 
  custom:audio-encoder-webm-vorbis: bf7c407c2cedff20999df2af8eb42d56 -> 
========================================================================
Received Import Request.
  Time since last request: 66.163113 seconds.
  path: Assets/Asteroids Pack/Assets
  artifactKey: Guid(9fde4978a4811a34b80135ed529ada64) Importer(815301076,1909f56bfc062723c751e8b465ee728b)
Start importing Assets/Asteroids Pack/Assets using Guid(9fde4978a4811a34b80135ed529ada64) Importer(815301076,1909f56bfc062723c751e8b465ee728b)  -> (artifact id: '9858112f1fdd82d7021b34d6a06dfb82') in 0.010139 seconds 
  Import took 0.030219 seconds .

========================================================================
Received Import Request.
  Time since last request: 1.930525 seconds.
  path: Assets/Asteroids Pack/Assets/Prefabs
  artifactKey: Guid(1b304eba045b7204f9e56955499b6eb5) Importer(815301076,1909f56bfc062723c751e8b465ee728b)
Start importing Assets/Asteroids Pack/Assets/Prefabs using Guid(1b304eba045b7204f9e56955499b6eb5) Importer(815301076,1909f56bfc062723c751e8b465ee728b)  -> (artifact id: 'c739578391c36718a05d7d1325b53b4e') in 0.021993 seconds 
  Import took 0.028795 seconds .

========================================================================
Received Import Request.
  Time since last request: 0.029138 seconds.
  path: Assets/Asteroids Pack/Assets/Prefabs/Asteroid 1.prefab
  artifactKey: Guid(fa49e460baf435b4780da7196c2ab473) Importer(815301076,1909f56bfc062723c751e8b465ee728b)
Start importing Assets/Asteroids Pack/Assets/Prefabs/Asteroid 1.prefab using Guid(fa49e460baf435b4780da7196c2ab473) Importer(815301076,1909f56bfc062723c751e8b465ee728b)  -> (artifact id: '5894bd4a0a816818f4e1b75541808210') in 0.154398 seconds 
  Import took 0.161695 seconds .

========================================================================
Received Import Request.
  Time since last request: 0.000257 seconds.
  path: Assets/Asteroids Pack/Assets/Prefabs/Asteroid 2.prefab
  artifactKey: Guid(84cc3cd234dfc9d4d9d2e92c0eb0af75) Importer(815301076,1909f56bfc062723c751e8b465ee728b)
Start importing Assets/Asteroids Pack/Assets/Prefabs/Asteroid 2.prefab using Guid(84cc3cd234dfc9d4d9d2e92c0eb0af75) Importer(815301076,1909f56bfc062723c751e8b465ee728b)  -> (artifact id: '0e582344dd7c39ec364276ede2a1c2f3') in 0.030112 seconds 
  Import took 0.035118 seconds .

========================================================================
Received Import Request.
  Time since last request: 0.000251 seconds.
  path: Assets/Asteroids Pack/Assets/Prefabs/Asteroid 3.prefab
  artifactKey: Guid(04d0bf4be9447154188d86f6e3b8dce9) Importer(815301076,1909f56bfc062723c751e8b465ee728b)
Start importing Assets/Asteroids Pack/Assets/Prefabs/Asteroid 3.prefab using Guid(04d0bf4be9447154188d86f6e3b8dce9) Importer(815301076,1909f56bfc062723c751e8b465ee728b)  -> (artifact id: 'a943ad45054272a027427d3a54ca30f3') in 0.029669 seconds 
  Import took 0.035433 seconds .

========================================================================
Received Import Request.
  Time since last request: 66.358235 seconds.
  path: Assets/Asteroids Pack/Demo
  artifactKey: Guid(0f5ed8ca28a91044c9ba3203db13d638) Importer(815301076,1909f56bfc062723c751e8b465ee728b)
Start importing Assets/Asteroids Pack/Demo using Guid(0f5ed8ca28a91044c9ba3203db13d638) Importer(815301076,1909f56bfc062723c751e8b465ee728b)  -> (artifact id: 'bdcaf16ad7a26bfe154edeffeefa607a') in 0.006900 seconds 
  Import took 0.013714 seconds .

========================================================================
Received Import Request.
  Time since last request: 1.292104 seconds.
  path: Assets/Asteroids Pack/Demo/Demo.unity
  artifactKey: Guid(546887f03109d0a4b98cdc3eafa67148) Importer(815301076,1909f56bfc062723c751e8b465ee728b)
Start importing Assets/Asteroids Pack/Demo/Demo.unity using Guid(546887f03109d0a4b98cdc3eafa67148) Importer(815301076,1909f56bfc062723c751e8b465ee728b)  -> (artifact id: '08fb32231d0db6733848fd82f43f1df6') in 0.006563 seconds 
  Import took 0.025227 seconds .

========================================================================
Received Import Request.
  Time since last request: 431.439879 seconds.
  path: Assets/Asteroids Pack/Assets/Textures/seamless_rock_texture.jpg
  artifactKey: Guid(ddce39766e2a9ce48a69c914a4a29487) Importer(815301076,1909f56bfc062723c751e8b465ee728b)
Start importing Assets/Asteroids Pack/Assets/Textures/seamless_rock_texture.jpg using Guid(ddce39766e2a9ce48a69c914a4a29487) Importer(815301076,1909f56bfc062723c751e8b465ee728b)  -> (artifact id: '73024249790b93efa2dce472a31e0308') in 0.044177 seconds 
  Import took 0.050248 seconds .

========================================================================
Received Import Request.
  Time since last request: 0.000326 seconds.
  path: Assets/Asteroids Pack/Assets/Textures/seamless_rock_texture_detail.jpg
  artifactKey: Guid(12c40864f9ef9974592868faef1d76c5) Importer(815301076,1909f56bfc062723c751e8b465ee728b)
Start importing Assets/Asteroids Pack/Assets/Textures/seamless_rock_texture_detail.jpg using Guid(12c40864f9ef9974592868faef1d76c5) Importer(815301076,1909f56bfc062723c751e8b465ee728b)  -> (artifact id: '421ef40609c831481dc45cac7a7d66dd') in 0.028484 seconds 
  Import took 0.034400 seconds .

========================================================================
Received Import Request.
  Time since last request: 12.499252 seconds.
  path: Assets/Asteroids Pack/Assets/Materials/skybox.mat
  artifactKey: Guid(18b6bf7c06173654ead94eda5ab1abee) Importer(815301076,1909f56bfc062723c751e8b465ee728b)
Start importing Assets/Asteroids Pack/Assets/Materials/skybox.mat using Guid(18b6bf7c06173654ead94eda5ab1abee) Importer(815301076,1909f56bfc062723c751e8b465ee728b)  -> (artifact id: '7539ef02dd84430732a5dcb749d72254') in 0.052083 seconds 
  Import took 0.058626 seconds .

========================================================================
Received Import Request.
  Time since last request: 0.000274 seconds.
  path: Assets/Asteroids Pack/Assets/Materials/small_asteroid.mat
  artifactKey: Guid(44f9d629006bb76409d3626dd82797c0) Importer(815301076,1909f56bfc062723c751e8b465ee728b)
Start importing Assets/Asteroids Pack/Assets/Materials/small_asteroid.mat using Guid(44f9d629006bb76409d3626dd82797c0) Importer(815301076,1909f56bfc062723c751e8b465ee728b)  -> (artifact id: '5a02a0628b0f7686fa72b3b4e2beb0fc') in 0.023925 seconds 
  Import took 0.029926 seconds .

========================================================================
Received Import Request.
  Time since last request: 14.219195 seconds.
  path: Packages/com.unity.render-pipelines.universal/Runtime/Materials/Lit.mat
  artifactKey: Guid(31321ba15b8f8eb4c954353edc038b1d) Importer(815301076,1909f56bfc062723c751e8b465ee728b)
Start importing Packages/com.unity.render-pipelines.universal/Runtime/Materials/Lit.mat using Guid(31321ba15b8f8eb4c954353edc038b1d) Importer(815301076,1909f56bfc062723c751e8b465ee728b)  -> (artifact id: '97a46e45ab72210011683b98bb693f19') in 0.017798 seconds 
  Import took 0.024058 seconds .

========================================================================
Received Import Request.
  Time since last request: 0.000273 seconds.
  path: Packages/com.unity.render-pipelines.universal/Runtime/Materials/ParticlesUnlit.mat
  artifactKey: Guid(e823cd5b5d27c0f4b8256e7c12ee3e6d) Importer(815301076,1909f56bfc062723c751e8b465ee728b)
Start importing Packages/com.unity.render-pipelines.universal/Runtime/Materials/ParticlesUnlit.mat using Guid(e823cd5b5d27c0f4b8256e7c12ee3e6d) Importer(815301076,1909f56bfc062723c751e8b465ee728b)  -> (artifact id: 'a6d3bac30e0c3da08768836858914317') in 0.021290 seconds 
  Import took 0.027570 seconds .

========================================================================
Received Import Request.
  Time since last request: 0.677999 seconds.
  path: Assets/Asteroids Pack/Assets/Materials/large_asteroid.mat
  artifactKey: Guid(0e47fa6aa96cfd044b946d9923d4a47a) Importer(815301076,1909f56bfc062723c751e8b465ee728b)
Start importing Assets/Asteroids Pack/Assets/Materials/large_asteroid.mat using Guid(0e47fa6aa96cfd044b946d9923d4a47a) Importer(815301076,1909f56bfc062723c751e8b465ee728b)  -> (artifact id: 'c73e29bd41ec1bcbef9cf98fa637104c') in 0.019103 seconds 
  Import took 0.025645 seconds .

========================================================================
Received Import Request.
  Time since last request: 0.054363 seconds.
  path: Packages/com.unity.searcher/Editor/Resources/FlatSkin/Font/Roboto-ThinItalic.ttf
  artifactKey: Guid(b2ea3b3f1765e544b9eb5bd1a93a91ce) Importer(815301076,1909f56bfc062723c751e8b465ee728b)
Start importing Packages/com.unity.searcher/Editor/Resources/FlatSkin/Font/Roboto-ThinItalic.ttf using Guid(b2ea3b3f1765e544b9eb5bd1a93a91ce) Importer(815301076,1909f56bfc062723c751e8b465ee728b)  -> (artifact id: 'ef2dad4445f4d663feb289b2508c93eb') in 0.048200 seconds 
  Import took 0.054246 seconds .

========================================================================
Received Import Request.
  Time since last request: 0.000381 seconds.
  path: Packages/com.unity.searcher/Editor/Resources/FlatSkin/Font/Roboto-Thin.ttf
  artifactKey: Guid(19a9abb883540be48b75b951a927ae03) Importer(815301076,1909f56bfc062723c751e8b465ee728b)
Start importing Packages/com.unity.searcher/Editor/Resources/FlatSkin/Font/Roboto-Thin.ttf using Guid(19a9abb883540be48b75b951a927ae03) Importer(815301076,1909f56bfc062723c751e8b465ee728b)  -> (artifact id: 'e546ab6cdca899bff6c13129bceee71d') in 0.024814 seconds 
  Import took 0.029641 seconds .

========================================================================
Received Import Request.
  Time since last request: 0.000655 seconds.
  path: Packages/com.unity.searcher/Editor/Resources/FlatSkin/Font/Roboto-LightItalic.ttf
  artifactKey: Guid(5e63515167650a541b309ba3bfd4db3d) Importer(815301076,1909f56bfc062723c751e8b465ee728b)
Start importing Packages/com.unity.searcher/Editor/Resources/FlatSkin/Font/Roboto-LightItalic.ttf using Guid(5e63515167650a541b309ba3bfd4db3d) Importer(815301076,1909f56bfc062723c751e8b465ee728b)  -> (artifact id: 'e42701aa2754ddcfdfde0474c14b7657') in 0.024177 seconds 
  Import took 0.029163 seconds .

========================================================================
Received Import Request.
  Time since last request: 0.019585 seconds.
  path: Packages/com.unity.searcher/Editor/Resources/FlatSkin/Font/Roboto-BoldItalic.ttf
  artifactKey: Guid(dfb97a9307a577a41bcacba34b9a7e32) Importer(815301076,1909f56bfc062723c751e8b465ee728b)
Start importing Packages/com.unity.searcher/Editor/Resources/FlatSkin/Font/Roboto-BoldItalic.ttf using Guid(dfb97a9307a577a41bcacba34b9a7e32) Importer(815301076,1909f56bfc062723c751e8b465ee728b)  -> (artifact id: '9a19c6483342045242b4acd4e1199bfe') in 0.025548 seconds 
  Import took 0.031289 seconds .

========================================================================
Received Import Request.
  Time since last request: 0.000298 seconds.
  path: Packages/com.unity.searcher/Editor/Resources/FlatSkin/Font/Roboto-MediumItalic.ttf
  artifactKey: Guid(d93c1bc57fdf1ac4dad1bf04fac05464) Importer(815301076,1909f56bfc062723c751e8b465ee728b)
Start importing Packages/com.unity.searcher/Editor/Resources/FlatSkin/Font/Roboto-MediumItalic.ttf using Guid(d93c1bc57fdf1ac4dad1bf04fac05464) Importer(815301076,1909f56bfc062723c751e8b465ee728b)  -> (artifact id: '81cbb825cdfdd89519f6c082eb60c451') in 0.023197 seconds 
  Import took 0.029486 seconds .

========================================================================
Received Import Request.
  Time since last request: 0.000207 seconds.
  path: Packages/com.unity.searcher/Editor/Resources/FlatSkin/Font/Roboto-Bold.ttf
  artifactKey: Guid(3750c318f40cab44a97d3a81beaefeb3) Importer(815301076,1909f56bfc062723c751e8b465ee728b)
Start importing Packages/com.unity.searcher/Editor/Resources/FlatSkin/Font/Roboto-Bold.ttf using Guid(3750c318f40cab44a97d3a81beaefeb3) Importer(815301076,1909f56bfc062723c751e8b465ee728b)  -> (artifact id: '0555eee1a6dae1664330da9e68c50651') in 0.026301 seconds 
  Import took 0.031181 seconds .

========================================================================
Received Import Request.
  Time since last request: 0.000241 seconds.
  path: Packages/com.unity.searcher/Editor/Resources/FlatSkin/Font/Roboto-Italic.ttf
  artifactKey: Guid(c839255fc8f6b4b4d90bf8c1af9f9bd1) Importer(815301076,1909f56bfc062723c751e8b465ee728b)
Start importing Packages/com.unity.searcher/Editor/Resources/FlatSkin/Font/Roboto-Italic.ttf using Guid(c839255fc8f6b4b4d90bf8c1af9f9bd1) Importer(815301076,1909f56bfc062723c751e8b465ee728b)  -> (artifact id: '714915796405489b4b46d719b882b77d') in 0.024190 seconds 
  Import took 0.028867 seconds .

========================================================================
Received Import Request.
  Time since last request: 0.000262 seconds.
  path: Packages/com.unity.searcher/Editor/Resources/FlatSkin/Font/Roboto-Regular.ttf
  artifactKey: Guid(30dc370b164eefc43b95744fc796dad0) Importer(815301076,1909f56bfc062723c751e8b465ee728b)
Start importing Packages/com.unity.searcher/Editor/Resources/FlatSkin/Font/Roboto-Regular.ttf using Guid(30dc370b164eefc43b95744fc796dad0) Importer(815301076,1909f56bfc062723c751e8b465ee728b)  -> (artifact id: 'fe80f27e5dc98c3ff6d76c9297f0650c') in 0.024188 seconds 
  Import took 0.031943 seconds .

========================================================================
Received Import Request.
  Time since last request: 0.000271 seconds.
  path: Packages/com.unity.searcher/Editor/Resources/FlatSkin/Font/Roboto-Medium.ttf
  artifactKey: Guid(a51a3aebb43ac044989270407476b208) Importer(815301076,1909f56bfc062723c751e8b465ee728b)
Start importing Packages/com.unity.searcher/Editor/Resources/FlatSkin/Font/Roboto-Medium.ttf using Guid(a51a3aebb43ac044989270407476b208) Importer(815301076,1909f56bfc062723c751e8b465ee728b)  -> (artifact id: '902242e115a183ce41f871a740ac435e') in 0.022577 seconds 
  Import took 0.028172 seconds .

========================================================================
Received Import Request.
  Time since last request: 0.000301 seconds.
  path: Packages/com.unity.searcher/Editor/Resources/FlatSkin/Font/Roboto-BlackItalic.ttf
  artifactKey: Guid(f95147a9bab9fe649b8070170fa7ebd2) Importer(815301076,1909f56bfc062723c751e8b465ee728b)
Start importing Packages/com.unity.searcher/Editor/Resources/FlatSkin/Font/Roboto-BlackItalic.ttf using Guid(f95147a9bab9fe649b8070170fa7ebd2) Importer(815301076,1909f56bfc062723c751e8b465ee728b)  -> (artifact id: 'ddc7a1065dfd918bae9c7058949d93c1') in 0.022699 seconds 
  Import took 0.029163 seconds .

========================================================================
Received Import Request.
  Time since last request: 0.000264 seconds.
  path: Packages/com.unity.searcher/Editor/Resources/FlatSkin/Font/Roboto-Black.ttf
  artifactKey: Guid(1062c701058745940ae5dca6219c64c8) Importer(815301076,1909f56bfc062723c751e8b465ee728b)
Start importing Packages/com.unity.searcher/Editor/Resources/FlatSkin/Font/Roboto-Black.ttf using Guid(1062c701058745940ae5dca6219c64c8) Importer(815301076,1909f56bfc062723c751e8b465ee728b)  -> (artifact id: 'da8cbc8e98e1722ba83daca9abce99c1') in 0.025625 seconds 
  Import took 0.030367 seconds .

========================================================================
Received Import Request.
  Time since last request: 0.000212 seconds.
  path: Packages/com.unity.render-pipelines.core/Runtime/Debugging/Prefabs/Fonts/Perfect DOS VGA 437.ttf
  artifactKey: Guid(74a5091d8707f334b9a5c31ef71a64ba) Importer(815301076,1909f56bfc062723c751e8b465ee728b)
Start importing Packages/com.unity.render-pipelines.core/Runtime/Debugging/Prefabs/Fonts/Perfect DOS VGA 437.ttf using Guid(74a5091d8707f334b9a5c31ef71a64ba) Importer(815301076,1909f56bfc062723c751e8b465ee728b)  -> (artifact id: 'ca91db08ed2b2ee29570b7404c3ed2ba') in 0.024824 seconds 
  Import took 0.030571 seconds .

========================================================================
Received Import Request.
  Time since last request: 0.000352 seconds.
  path: Packages/com.unity.searcher/Editor/Resources/FlatSkin/Font/Roboto-Light.ttf
  artifactKey: Guid(2a29e27936eb547458f646f71125b264) Importer(815301076,1909f56bfc062723c751e8b465ee728b)
Start importing Packages/com.unity.searcher/Editor/Resources/FlatSkin/Font/Roboto-Light.ttf using Guid(2a29e27936eb547458f646f71125b264) Importer(815301076,1909f56bfc062723c751e8b465ee728b)  -> (artifact id: 'a763c6bf2cea5b90d6a812dc1ee5d082') in 0.023557 seconds 
  Import took 0.030518 seconds .

========================================================================
Received Import Request.
  Time since last request: 3.056916 seconds.
  path: Packages/com.unity.render-pipelines.universal/Runtime/Materials/SimpleLit.mat
  artifactKey: Guid(6a1143ee683302f4aa628c052723efc1) Importer(815301076,1909f56bfc062723c751e8b465ee728b)
Start importing Packages/com.unity.render-pipelines.universal/Runtime/Materials/SimpleLit.mat using Guid(6a1143ee683302f4aa628c052723efc1) Importer(815301076,1909f56bfc062723c751e8b465ee728b)  -> (artifact id: '4193ea014fb52272aa79e827f0b902d4') in 0.546750 seconds 
  Import took 0.551331 seconds .

========================================================================
Received Import Request.
  Time since last request: 0.000306 seconds.
  path: Packages/com.unity.render-pipelines.universal/Runtime/Materials/TerrainLit.mat
  artifactKey: Guid(594ea882c5a793440b60ff72d896021e) Importer(815301076,1909f56bfc062723c751e8b465ee728b)
Start importing Packages/com.unity.render-pipelines.universal/Runtime/Materials/TerrainLit.mat using Guid(594ea882c5a793440b60ff72d896021e) Importer(815301076,1909f56bfc062723c751e8b465ee728b)  -> (artifact id: 'db9aec0391899b041fa150a21f0d5646') in 0.418121 seconds 
  Import took 0.422879 seconds .

========================================================================
Received Import Request.
  Time since last request: 0.000340 seconds.
  path: Packages/com.unity.render-pipelines.universal/Runtime/Materials/Sprite-Unlit-Default.mat
  artifactKey: Guid(9dfc825aed78fcd4ba02077103263b40) Importer(815301076,1909f56bfc062723c751e8b465ee728b)
Start importing Packages/com.unity.render-pipelines.universal/Runtime/Materials/Sprite-Unlit-Default.mat using Guid(9dfc825aed78fcd4ba02077103263b40) Importer(815301076,1909f56bfc062723c751e8b465ee728b)  -> (artifact id: '3dc837b22dad5c9afcddefa703e0bc63') in 0.059688 seconds 
  Import took 0.063860 seconds .

========================================================================
Received Import Request.
  Time since last request: 0.000304 seconds.
  path: Packages/com.unity.render-pipelines.universal/Runtime/Materials/Sprite-Lit-Default.mat
  artifactKey: Guid(a97c105638bdf8b4a8650670310a4cd3) Importer(815301076,1909f56bfc062723c751e8b465ee728b)
Start importing Packages/com.unity.render-pipelines.universal/Runtime/Materials/Sprite-Lit-Default.mat using Guid(a97c105638bdf8b4a8650670310a4cd3) Importer(815301076,1909f56bfc062723c751e8b465ee728b)  -> (artifact id: 'cbf71d48645b4137c3fdde14caf1f63f') in 0.020982 seconds 
  Import took 0.026176 seconds .

========================================================================
Received Import Request.
  Time since last request: 147.900636 seconds.
  path: Assets/Asteroids Pack/Assets/Prefabs/Asteroid 1.prefab
  artifactKey: Guid(fa49e460baf435b4780da7196c2ab473) Importer(815301076,1909f56bfc062723c751e8b465ee728b)
Start importing Assets/Asteroids Pack/Assets/Prefabs/Asteroid 1.prefab using Guid(fa49e460baf435b4780da7196c2ab473) Importer(815301076,1909f56bfc062723c751e8b465ee728b)  -> (artifact id: '6a52a95a109fd7e777fe09415fe4f453') in 0.024385 seconds 
  Import took 0.031032 seconds .

========================================================================
Received Import Request.
  Time since last request: 1.361442 seconds.
  path: Assets/Asteroids Pack/Assets/Prefabs/Asteroid 1.prefab
  artifactKey: Guid(fa49e460baf435b4780da7196c2ab473) Importer(815301076,1909f56bfc062723c751e8b465ee728b)
Start importing Assets/Asteroids Pack/Assets/Prefabs/Asteroid 1.prefab using Guid(fa49e460baf435b4780da7196c2ab473) Importer(815301076,1909f56bfc062723c751e8b465ee728b)  -> (artifact id: '41a51c0d6d5ecf9784f2dc4bf180139c') in 0.022328 seconds 
  Import took 0.027569 seconds .

========================================================================
Received Import Request.
  Time since last request: 4.618047 seconds.
  path: Assets/Asteroids Pack/Assets/Prefabs/Asteroid 1.prefab
  artifactKey: Guid(fa49e460baf435b4780da7196c2ab473) Importer(815301076,1909f56bfc062723c751e8b465ee728b)
Start importing Assets/Asteroids Pack/Assets/Prefabs/Asteroid 1.prefab using Guid(fa49e460baf435b4780da7196c2ab473) Importer(815301076,1909f56bfc062723c751e8b465ee728b)  -> (artifact id: 'e0d6cee9ef98907eb8324a6e94128803') in 0.018846 seconds 
  Import took 0.024038 seconds .

========================================================================
Received Import Request.
  Time since last request: 7.877188 seconds.
  path: Assets/Asteroids Pack/Assets/Prefabs/Asteroid 3.prefab
  artifactKey: Guid(04d0bf4be9447154188d86f6e3b8dce9) Importer(815301076,1909f56bfc062723c751e8b465ee728b)
Start importing Assets/Asteroids Pack/Assets/Prefabs/Asteroid 3.prefab using Guid(04d0bf4be9447154188d86f6e3b8dce9) Importer(815301076,1909f56bfc062723c751e8b465ee728b)  -> (artifact id: 'd4e7e1b6508bd92306882d9b9afc6743') in 0.021167 seconds 
  Import took 0.026398 seconds .

========================================================================
Received Import Request.
  Time since last request: 0.796042 seconds.
  path: Assets/Asteroids Pack/Assets/Prefabs/Asteroid 3.prefab
  artifactKey: Guid(04d0bf4be9447154188d86f6e3b8dce9) Importer(815301076,1909f56bfc062723c751e8b465ee728b)
Start importing Assets/Asteroids Pack/Assets/Prefabs/Asteroid 3.prefab using Guid(04d0bf4be9447154188d86f6e3b8dce9) Importer(815301076,1909f56bfc062723c751e8b465ee728b)  -> (artifact id: 'a653f3ece8b97d58215b78ff9dd35a32') in 0.025043 seconds 
  Import took 0.030813 seconds .

========================================================================
Received Import Request.
  Time since last request: 2.532176 seconds.
  path: Assets/Asteroids Pack/Assets/Prefabs/Asteroid 3.prefab
  artifactKey: Guid(04d0bf4be9447154188d86f6e3b8dce9) Importer(815301076,1909f56bfc062723c751e8b465ee728b)
Start importing Assets/Asteroids Pack/Assets/Prefabs/Asteroid 3.prefab using Guid(04d0bf4be9447154188d86f6e3b8dce9) Importer(815301076,1909f56bfc062723c751e8b465ee728b)  -> (artifact id: '70b53e1b84e8dc30a153f098f7720047') in 0.018967 seconds 
  Import took 0.023768 seconds .

========================================================================
Received Import Request.
  Time since last request: 109.420275 seconds.
  path: Assets/Asteroids Pack/Assets/Prefabs/Asteroid 2.prefab
  artifactKey: Guid(84cc3cd234dfc9d4d9d2e92c0eb0af75) Importer(815301076,1909f56bfc062723c751e8b465ee728b)
Start importing Assets/Asteroids Pack/Assets/Prefabs/Asteroid 2.prefab using Guid(84cc3cd234dfc9d4d9d2e92c0eb0af75) Importer(815301076,1909f56bfc062723c751e8b465ee728b)  -> (artifact id: '884f5c0b13a1357b21c14439b71d6eeb') in 0.020846 seconds 
  Import took 0.027012 seconds .

========================================================================
Received Import Request.
  Time since last request: 1.196297 seconds.
  path: Assets/Asteroids Pack/Assets/Prefabs/Asteroid 2.prefab
  artifactKey: Guid(84cc3cd234dfc9d4d9d2e92c0eb0af75) Importer(815301076,1909f56bfc062723c751e8b465ee728b)
Start importing Assets/Asteroids Pack/Assets/Prefabs/Asteroid 2.prefab using Guid(84cc3cd234dfc9d4d9d2e92c0eb0af75) Importer(815301076,1909f56bfc062723c751e8b465ee728b)  -> (artifact id: '28407082aac96ab237e5e92d4fceefd7') in 0.021631 seconds 
  Import took 0.026960 seconds .

========================================================================
Received Import Request.
  Time since last request: 2.000772 seconds.
  path: Assets/Asteroids Pack/Assets/Prefabs/Asteroid 2.prefab
  artifactKey: Guid(84cc3cd234dfc9d4d9d2e92c0eb0af75) Importer(815301076,1909f56bfc062723c751e8b465ee728b)
Start importing Assets/Asteroids Pack/Assets/Prefabs/Asteroid 2.prefab using Guid(84cc3cd234dfc9d4d9d2e92c0eb0af75) Importer(815301076,1909f56bfc062723c751e8b465ee728b)  -> (artifact id: 'c1f7fa83b05706855674b00ed37f92f3') in 0.017421 seconds 
  Import took 0.022256 seconds .

========================================================================
Received Import Request.
  Time since last request: 4.458326 seconds.
  path: Assets/Asteroids Pack/Assets/Prefabs/Asteroid 3.prefab
  artifactKey: Guid(04d0bf4be9447154188d86f6e3b8dce9) Importer(815301076,1909f56bfc062723c751e8b465ee728b)
Start importing Assets/Asteroids Pack/Assets/Prefabs/Asteroid 3.prefab using Guid(04d0bf4be9447154188d86f6e3b8dce9) Importer(815301076,1909f56bfc062723c751e8b465ee728b)  -> (artifact id: 'b5b007cb6bdf1a70b78af04e61631e80') in 0.020070 seconds 
  Import took 0.025439 seconds .

========================================================================
Received Import Request.
  Time since last request: 1.000165 seconds.
  path: Assets/Asteroids Pack/Assets/Prefabs/Asteroid 3.prefab
  artifactKey: Guid(04d0bf4be9447154188d86f6e3b8dce9) Importer(815301076,1909f56bfc062723c751e8b465ee728b)
Start importing Assets/Asteroids Pack/Assets/Prefabs/Asteroid 3.prefab using Guid(04d0bf4be9447154188d86f6e3b8dce9) Importer(815301076,1909f56bfc062723c751e8b465ee728b)  -> (artifact id: 'b8a25fdd2661afc3a86cedbdb2eccd3b') in 0.021542 seconds 
  Import took 0.026712 seconds .

========================================================================
Received Import Request.
  Time since last request: 1.568792 seconds.
  path: Assets/Asteroids Pack/Assets/Prefabs/Asteroid 3.prefab
  artifactKey: Guid(04d0bf4be9447154188d86f6e3b8dce9) Importer(815301076,1909f56bfc062723c751e8b465ee728b)
Start importing Assets/Asteroids Pack/Assets/Prefabs/Asteroid 3.prefab using Guid(04d0bf4be9447154188d86f6e3b8dce9) Importer(815301076,1909f56bfc062723c751e8b465ee728b)  -> (artifact id: 'e5d2d88a492fcae3cd25c1bf16e76969') in 0.017321 seconds 
  Import took 0.022262 seconds .

========================================================================
Received Prepare
Registering precompiled user dll's ...
Registered in 0.004371 seconds.
Begin MonoManager ReloadAssembly
Native extension for WindowsStandalone target not found
Refreshing native plugins compatible for Editor in 0.49 ms, found 2 plugins.
Preloading 0 native plugins for Editor in 0.00 ms.
Mono: successfully reloaded assembly
- Completed reload, in  0.981 seconds
Domain Reload Profiling:
	ReloadAssembly (981ms)
		BeginReloadAssembly (106ms)
			ExecutionOrderSort (0ms)
			DisableScriptedObjects (6ms)
			BackupInstance (0ms)
			ReleaseScriptingObjects (0ms)
			CreateAndSetChildDomain (40ms)
		EndReloadAssembly (821ms)
			LoadAssemblies (81ms)
			RebuildTransferFunctionScriptingTraits (0ms)
			SetupTypeCache (287ms)
			ReleaseScriptCaches (1ms)
			RebuildScriptCaches (41ms)
			SetupLoadedEditorAssemblies (279ms)
				LogAssemblyErrors (0ms)
				InitializePlatformSupportModulesInManaged (4ms)
				SetLoadedEditorAssemblies (0ms)
				RefreshPlugins (1ms)
				BeforeProcessingInitializeOnLoad (75ms)
				ProcessInitializeOnLoadAttributes (186ms)
				ProcessInitializeOnLoadMethodAttributes (8ms)
				AfterProcessingInitializeOnLoad (5ms)
				EditorAssembliesLoaded (0ms)
			ExecutionOrderSort2 (0ms)
			AwakeInstancesAfterBackupRestoration (14ms)
Platform modules already initialized, skipping
Refreshing native plugins compatible for Editor in 0.52 ms, found 2 plugins.
Preloading 0 native plugins for Editor in 0.00 ms.
Unloading 2693 Unused Serialized files (Serialized files now loaded: 0)
System memory in use before: 130.5 MB.
System memory in use after: 130.7 MB.

Unloading 16 unused Assets to reduce memory usage. Loaded Objects now: 3379.
Total: 3.678500 ms (FindLiveObjects: 0.287100 ms CreateObjectMapping: 0.132700 ms MarkObjects: 3.224700 ms  DeleteObjects: 0.033000 ms)

AssetImportParameters requested are different than current active one (requested -> active):
  custom:framework-win-MediaFoundation: 216162199b28c13a410421893ffa2e32 -> 
  custom:video-decoder-ogg-theora: a1e56fd34408186e4bbccfd4996cb3dc -> 
  custom:container-muxer-webm: aa71ff27fc2769a1b78a27578f13a17b -> 
  custom:container-demuxer-webm: 4f35f7cbe854078d1ac9338744f61a02 -> 
  custom:container-demuxer-ogg: 62fdf1f143b41e24485cea50d1cbac27 -> 
  custom:video-encoder-webm-vp8: eb34c28f22e8b96e1ab97ce403110664 -> 
  custom:video-decoder-webm-vp8: 9c59270c3fd7afecdb556c50c9e8de78 -> 
  custom:audio-decoder-ogg-vorbis: bf7c407c2cedff20999df2af8eb42d56 -> 
  custom:audio-encoder-webm-vorbis: bf7c407c2cedff20999df2af8eb42d56 -> 
========================================================================
Received Import Request.
  Time since last request: 123.168768 seconds.
  path: Assets/Asteroids Pack/Assets/Prefabs/Asteroid 1.prefab
  artifactKey: Guid(fa49e460baf435b4780da7196c2ab473) Importer(815301076,1909f56bfc062723c751e8b465ee728b)
Start importing Assets/Asteroids Pack/Assets/Prefabs/Asteroid 1.prefab using Guid(fa49e460baf435b4780da7196c2ab473) Importer(815301076,1909f56bfc062723c751e8b465ee728b)  -> (artifact id: 'b75f4f997f607a820bfbb2e6017b104a') in 0.154874 seconds 
  Import took 0.160248 seconds .

========================================================================
Received Import Request.
  Time since last request: 5.150936 seconds.
  path: Assets/Asteroids Pack/Assets/Prefabs/Asteroid 1.prefab
  artifactKey: Guid(fa49e460baf435b4780da7196c2ab473) Importer(815301076,1909f56bfc062723c751e8b465ee728b)
Start importing Assets/Asteroids Pack/Assets/Prefabs/Asteroid 1.prefab using Guid(fa49e460baf435b4780da7196c2ab473) Importer(815301076,1909f56bfc062723c751e8b465ee728b)  -> (artifact id: '2c7289d498e0040784a95c74b3dee958') in 0.017266 seconds 
  Import took 0.023436 seconds .

